13:27:06.365 [main] TRACE com.rishabh.restframework.utils.ExcelUtils - Unique Test Cases are : 6
13:27:06.370 [main] TRACE com.rishabh.restframework.listeners.TestAnnotation - Annotation pre-set for getAllStates
13:27:06.371 [main] TRACE com.rishabh.restframework.listeners.TestAnnotation - Annotation completed for getAllStates
13:27:06.372 [main] TRACE com.rishabh.restframework.listeners.TestAnnotation - Annotation pre-set for getAllStates
13:27:06.372 [main] TRACE com.rishabh.restframework.listeners.TestAnnotation - Annotation completed for getAllStates
13:27:06.398 [main] TRACE com.rishabh.restframework.listeners.TestAnnotation - Annotation pre-set for getAllDistricts
13:27:06.398 [main] TRACE com.rishabh.restframework.listeners.TestAnnotation - Annotation completed for getAllDistricts
13:27:06.399 [main] TRACE com.rishabh.restframework.listeners.TestAnnotation - Annotation pre-set for getAllAppointmentByDistrict
13:27:06.399 [main] TRACE com.rishabh.restframework.listeners.TestAnnotation - Annotation completed for getAllAppointmentByDistrict
13:27:06.399 [main] TRACE com.rishabh.restframework.listeners.TestAnnotation - Annotation pre-set for getAllAppointmentByPin
13:27:06.400 [main] TRACE com.rishabh.restframework.listeners.TestAnnotation - Annotation completed for getAllAppointmentByPin
13:27:06.400 [main] TRACE com.rishabh.restframework.listeners.TestAnnotation - Annotation pre-set for getCertificate
13:27:06.412 [main] DEBUG com.rishabh.restframework.BaseTest - Before Suite Method
13:27:06.424 [main] INFO  com.rishabh.restframework.listeners.TestListener - I am onStart Method  : Test
13:27:06.432 [main] INFO  com.rishabh.restframework.listeners.TestListener - The name of test case started is : shouldAnswerWithTrue
13:27:06.433 [main] DEBUG com.rishabh.restframework.listeners.TestListener - Test Method name is : shouldAnswerWithTrue
13:27:06.437 [main] DEBUG com.rishabh.restframework.AppTest - First Test Method
13:27:06.438 [main] INFO  com.rishabh.restframework.listeners.TestListener - The name of the testcase passed is : shouldAnswerWithTrue
13:27:06.445 [main] INFO  com.rishabh.restframework.listeners.TestListener - The name of test case started is : getAllAppointmentByDistrict
13:27:06.446 [main] DEBUG com.rishabh.restframework.listeners.TestListener - Test Method name is : Verify the appointment date for vaccines by district
13:27:14.596 [main] TRACE com.rishabh.restframework.CowinTest - Response Body is =>  {"sessions":[]}
13:27:15.261 [main] TRACE com.rishabh.restframework.CowinTest - Number of slots available are : 0
13:27:15.261 [main] ERROR com.rishabh.restframework.CowinTest - No Sessions for getAllAppointmentByDistrict 695
13:27:15.271 [main] ERROR com.rishabh.restframework.listeners.TestListener - The name of the testcase failed is : getAllAppointmentByDistrict
13:27:15.273 [main] INFO  com.rishabh.restframework.listeners.TestListener - The name of test case started is : getAllAppointmentByDistrict
13:27:15.274 [main] DEBUG com.rishabh.restframework.listeners.TestListener - Test Method name is : Verify the appointment date for vaccines by district
13:27:17.560 [main] TRACE com.rishabh.restframework.CowinTest - Response Body is =>  {"sessions":[{"center_id":568440,"name":"CHC Akbarpur","address":"Akbarpur","state_name":"Uttar Pradesh","district_name":"Kanpur Dehat","block_name":"Akbarpur","pincode":209101,"from":"09:00:00","to":"17:00:00","lat":26,"long":79,"fee_type":"Free","session_id":"ebafbd80-609f-4394-8624-b2d0dbb9607b","date":"30-05-2021","available_capacity_dose1":0,"available_capacity_dose2":0,"available_capacity":0,"fee":"0","min_age_limit":45,"vaccine":"COVISHIELD","slots":["09:00AM-11:00AM","11:00AM-01:00PM","01:00PM-03:00PM","03:00PM-05:00PM"]}]}
13:27:17.566 [main] TRACE com.rishabh.restframework.CowinTest - Number of slots available are : 1
13:27:17.566 [main] TRACE com.rishabh.restframework.CowinTest - Kanpur Dehat
13:27:17.567 [main] ERROR com.rishabh.restframework.listeners.TestListener - The name of the testcase failed is : getAllAppointmentByDistrict
13:27:17.568 [main] INFO  com.rishabh.restframework.listeners.TestListener - The name of test case started is : getAllAppointmentByDistrict
13:27:17.568 [main] DEBUG com.rishabh.restframework.listeners.TestListener - Test Method name is : Verify the appointment date for vaccines by district
13:27:19.246 [main] TRACE com.rishabh.restframework.CowinTest - Response Body is =>  {"sessions":[{"center_id":601701,"name":"Apollomedics Hospital","address":"Kanpur - Lucknow Rd Sector B Bargawan LDA Colony Lucknow UP","state_name":"Uttar Pradesh","district_name":"Lucknow","block_name":"LUCKNOW URBAN","pincode":226012,"from":"09:00:00","to":"18:00:00","lat":26,"long":80,"fee_type":"Paid","session_id":"1f1c390f-260e-44b8-a3f7-2a778b07b90b","date":"30-05-2021","available_capacity_dose1":0,"available_capacity_dose2":0,"available_capacity":0,"fee":"850","min_age_limit":18,"vaccine":"COVISHIELD","slots":["09:00AM-11:00AM","11:00AM-01:00PM","01:00PM-03:00PM","03:00PM-06:00PM"]},{"center_id":562862,"name":"Sahara Hospital Lucknow","address":"Viraj Khand Gomti Nagar Lucknow","state_name":"Uttar Pradesh","district_name":"Lucknow","block_name":"LUCKNOW URBAN","pincode":226010,"from":"10:00:00","to":"15:00:00","lat":26,"long":81,"fee_type":"Paid","session_id":"21ed6e1e-6cda-473b-b0ea-2d3b75ac2ba9","date":"30-05-2021","available_capacity_dose1":27,"available_capacity_dose2":23,"available_capacity":50,"fee":"950","min_age_limit":45,"vaccine":"COVISHIELD","slots":["10:00AM-11:00AM","11:00AM-12:00PM","12:00PM-01:00PM","01:00PM-03:00PM"]},{"center_id":562862,"name":"Sahara Hospital Lucknow","address":"Viraj Khand Gomti Nagar Lucknow","state_name":"Uttar Pradesh","district_name":"Lucknow","block_name":"LUCKNOW URBAN","pincode":226010,"from":"10:00:00","to":"15:00:00","lat":26,"long":81,"fee_type":"Paid","session_id":"403c740c-3372-49c1-a5aa-db8df7685192","date":"30-05-2021","available_capacity_dose1":0,"available_capacity_dose2":59,"available_capacity":59,"fee":"950","min_age_limit":18,"vaccine":"COVISHIELD","slots":["10:00AM-11:00AM","11:00AM-12:00PM","12:00PM-01:00PM","01:00PM-03:00PM"]},{"center_id":601701,"name":"Apollomedics Hospital","address":"Kanpur - Lucknow Rd Sector B Bargawan LDA Colony Lucknow UP","state_name":"Uttar Pradesh","district_name":"Lucknow","block_name":"LUCKNOW URBAN","pincode":226012,"from":"09:00:00","to":"18:00:00","lat":26,"long":80,"fee_type":"Paid","session_id":"48e54168-dfd2-45ce-b17c-7dcd69bc4551","date":"30-05-2021","available_capacity_dose1":0,"available_capacity_dose2":88,"available_capacity":88,"fee":"850","min_age_limit":45,"vaccine":"COVISHIELD","slots":["09:00AM-11:00AM","11:00AM-01:00PM","01:00PM-03:00PM","03:00PM-06:00PM"]}]}
13:27:19.252 [main] TRACE com.rishabh.restframework.CowinTest - Number of slots available are : 4
13:27:19.253 [main] TRACE com.rishabh.restframework.CowinTest - Lucknow
13:27:19.253 [main] DEBUG com.rishabh.restframework.CowinTest - Sessions for getAllAppointmentByDistrict() 670 : 
13:27:19.253 [main] DEBUG com.rishabh.restframework.CowinTest - Apollomedics Hospital Kanpur - Lucknow Rd Sector B Bargawan LDA Colony Lucknow UP 226012 0 COVISHIELD 850
13:27:19.253 [main] DEBUG com.rishabh.restframework.CowinTest - Sahara Hospital Lucknow Viraj Khand Gomti Nagar Lucknow 226010 50 COVISHIELD 950
13:27:19.253 [main] DEBUG com.rishabh.restframework.CowinTest - Sahara Hospital Lucknow Viraj Khand Gomti Nagar Lucknow 226010 59 COVISHIELD 950
13:27:19.253 [main] DEBUG com.rishabh.restframework.CowinTest - Apollomedics Hospital Kanpur - Lucknow Rd Sector B Bargawan LDA Colony Lucknow UP 226012 88 COVISHIELD 850
13:27:19.253 [main] INFO  com.rishabh.restframework.listeners.TestListener - The name of the testcase passed is : getAllAppointmentByDistrict
13:27:19.277 [main] INFO  com.rishabh.restframework.listeners.TestListener - The name of test case started is : getAllAppointmentByPin
13:27:19.277 [main] DEBUG com.rishabh.restframework.listeners.TestListener - Test Method name is : Verify the appointment date for vaccines by pin
13:27:22.720 [main] TRACE com.rishabh.restframework.CowinTest - Response Body is =>  {"sessions":[]}
13:27:22.726 [main] TRACE com.rishabh.restframework.CowinTest - Number of slots available are : 0
13:27:22.726 [main] ERROR com.rishabh.restframework.CowinTest - No Sessions for getAllAppointmentByPin 209868
13:27:22.727 [main] ERROR com.rishabh.restframework.listeners.TestListener - The name of the testcase failed is : getAllAppointmentByPin
13:27:22.728 [main] INFO  com.rishabh.restframework.listeners.TestListener - The name of test case started is : getAllAppointmentByPin
13:27:22.728 [main] DEBUG com.rishabh.restframework.listeners.TestListener - Test Method name is : Verify the appointment date for vaccines by pin
13:27:23.936 [main] TRACE com.rishabh.restframework.CowinTest - Response Body is =>  {"sessions":[{"center_id":601701,"name":"Apollomedics Hospital","address":"Kanpur - Lucknow Rd Sector B Bargawan LDA Colony Lucknow UP","state_name":"Uttar Pradesh","district_name":"Lucknow","block_name":"LUCKNOW URBAN","pincode":226012,"from":"09:00:00","to":"18:00:00","lat":26,"long":80,"fee_type":"Paid","session_id":"1f1c390f-260e-44b8-a3f7-2a778b07b90b","date":"30-05-2021","available_capacity_dose1":0,"available_capacity_dose2":0,"available_capacity":0,"fee":"850","min_age_limit":18,"vaccine":"COVISHIELD","slots":["09:00AM-11:00AM","11:00AM-01:00PM","01:00PM-03:00PM","03:00PM-06:00PM"]},{"center_id":601701,"name":"Apollomedics Hospital","address":"Kanpur - Lucknow Rd Sector B Bargawan LDA Colony Lucknow UP","state_name":"Uttar Pradesh","district_name":"Lucknow","block_name":"LUCKNOW URBAN","pincode":226012,"from":"09:00:00","to":"18:00:00","lat":26,"long":80,"fee_type":"Paid","session_id":"48e54168-dfd2-45ce-b17c-7dcd69bc4551","date":"30-05-2021","available_capacity_dose1":0,"available_capacity_dose2":88,"available_capacity":88,"fee":"850","min_age_limit":45,"vaccine":"COVISHIELD","slots":["09:00AM-11:00AM","11:00AM-01:00PM","01:00PM-03:00PM","03:00PM-06:00PM"]}]}
13:27:23.941 [main] TRACE com.rishabh.restframework.CowinTest - Number of slots available are : 2
13:27:23.941 [main] TRACE com.rishabh.restframework.CowinTest - Kanpur - Lucknow Rd Sector B Bargawan LDA Colony Lucknow UP
13:27:23.942 [main] ERROR com.rishabh.restframework.listeners.TestListener - The name of the testcase failed is : getAllAppointmentByPin
13:27:23.943 [main] INFO  com.rishabh.restframework.listeners.TestListener - The name of test case started is : getAllAppointmentByPin
13:27:23.943 [main] DEBUG com.rishabh.restframework.listeners.TestListener - Test Method name is : Verify the appointment date for vaccines by pin
13:27:26.228 [main] TRACE com.rishabh.restframework.CowinTest - Response Body is =>  {"sessions":[]}
13:27:26.235 [main] TRACE com.rishabh.restframework.CowinTest - Number of slots available are : 0
13:27:26.235 [main] ERROR com.rishabh.restframework.CowinTest - No Sessions for getAllAppointmentByPin 201304
13:27:26.235 [main] ERROR com.rishabh.restframework.listeners.TestListener - The name of the testcase failed is : getAllAppointmentByPin
13:27:26.238 [main] INFO  com.rishabh.restframework.listeners.TestListener - The name of test case started is : getAllDistricts
13:27:26.238 [main] DEBUG com.rishabh.restframework.listeners.TestListener - Test Method name is : Verify the all districts on basis of DistrictID for all CoWIN Vaccines
13:27:27.809 [main] TRACE com.rishabh.restframework.CowinTest - Response Body is =>  {"districts":[{"district_id":622,"district_name":"Agra"},{"district_id":623,"district_name":"Aligarh"},{"district_id":625,"district_name":"Ambedkar Nagar"},{"district_id":626,"district_name":"Amethi"},{"district_id":627,"district_name":"Amroha"},{"district_id":628,"district_name":"Auraiya"},{"district_id":646,"district_name":"Ayodhya"},{"district_id":629,"district_name":"Azamgarh"},{"district_id":630,"district_name":"Badaun"},{"district_id":631,"district_name":"Baghpat"},{"district_id":632,"district_name":"Bahraich"},{"district_id":633,"district_name":"Balarampur"},{"district_id":634,"district_name":"Ballia"},{"district_id":635,"district_name":"Banda"},{"district_id":636,"district_name":"Barabanki"},{"district_id":637,"district_name":"Bareilly"},{"district_id":638,"district_name":"Basti"},{"district_id":687,"district_name":"Bhadohi"},{"district_id":639,"district_name":"Bijnour"},{"district_id":640,"district_name":"Bulandshahr"},{"district_id":641,"district_name":"Chandauli"},{"district_id":642,"district_name":"Chitrakoot"},{"district_id":643,"district_name":"Deoria"},{"district_id":644,"district_name":"Etah"},{"district_id":645,"district_name":"Etawah"},{"district_id":647,"district_name":"Farrukhabad"},{"district_id":648,"district_name":"Fatehpur"},{"district_id":649,"district_name":"Firozabad"},{"district_id":650,"district_name":"Gautam Buddha Nagar"},{"district_id":651,"district_name":"Ghaziabad"},{"district_id":652,"district_name":"Ghazipur"},{"district_id":653,"district_name":"Gonda"},{"district_id":654,"district_name":"Gorakhpur"},{"district_id":655,"district_name":"Hamirpur"},{"district_id":656,"district_name":"Hapur"},{"district_id":657,"district_name":"Hardoi"},{"district_id":658,"district_name":"Hathras"},{"district_id":659,"district_name":"Jalaun"},{"district_id":660,"district_name":"Jaunpur"},{"district_id":661,"district_name":"Jhansi"},{"district_id":662,"district_name":"Kannauj"},{"district_id":663,"district_name":"Kanpur Dehat"},{"district_id":664,"district_name":"Kanpur Nagar"},{"district_id":665,"district_name":"Kasganj"},{"district_id":666,"district_name":"Kaushambi"},{"district_id":667,"district_name":"Kushinagar"},{"district_id":668,"district_name":"Lakhimpur Kheri"},{"district_id":669,"district_name":"Lalitpur"},{"district_id":670,"district_name":"Lucknow"},{"district_id":671,"district_name":"Maharajganj"},{"district_id":672,"district_name":"Mahoba"},{"district_id":673,"district_name":"Mainpuri"},{"district_id":674,"district_name":"Mathura"},{"district_id":675,"district_name":"Mau"},{"district_id":676,"district_name":"Meerut"},{"district_id":677,"district_name":"Mirzapur"},{"district_id":678,"district_name":"Moradabad"},{"district_id":679,"district_name":"Muzaffarnagar"},{"district_id":680,"district_name":"Pilibhit"},{"district_id":682,"district_name":"Pratapgarh"},{"district_id":624,"district_name":"Prayagraj"},{"district_id":681,"district_name":"Raebareli"},{"district_id":683,"district_name":"Rampur"},{"district_id":684,"district_name":"Saharanpur"},{"district_id":685,"district_name":"Sambhal"},{"district_id":686,"district_name":"Sant Kabir Nagar"},{"district_id":688,"district_name":"Shahjahanpur"},{"district_id":689,"district_name":"Shamli"},{"district_id":690,"district_name":"Shravasti"},{"district_id":691,"district_name":"Siddharthnagar"},{"district_id":692,"district_name":"Sitapur"},{"district_id":693,"district_name":"Sonbhadra"},{"district_id":694,"district_name":"Sultanpur"},{"district_id":695,"district_name":"Unnao"},{"district_id":696,"district_name":"Varanasi"}],"ttl":24}
13:27:27.828 [main] TRACE com.rishabh.restframework.CowinTest - Agra
13:27:27.828 [main] DEBUG com.rishabh.restframework.CowinTest - District List for getAllDistricts() 34 : 
13:27:27.828 [main] DEBUG com.rishabh.restframework.CowinTest -  Agra Aligarh Ambedkar Nagar Amethi Amroha Auraiya Ayodhya Azamgarh Badaun Baghpat Bahraich Balarampur Ballia Banda Barabanki Bareilly Basti Bhadohi Bijnour Bulandshahr Chandauli Chitrakoot Deoria Etah Etawah Farrukhabad Fatehpur Firozabad Gautam Buddha Nagar Ghaziabad Ghazipur Gonda Gorakhpur Hamirpur Hapur Hardoi Hathras Jalaun Jaunpur Jhansi Kannauj Kanpur Dehat Kanpur Nagar Kasganj Kaushambi Kushinagar Lakhimpur Kheri Lalitpur Lucknow Maharajganj Mahoba Mainpuri Mathura Mau Meerut Mirzapur Moradabad Muzaffarnagar Pilibhit Pratapgarh Prayagraj Raebareli Rampur Saharanpur Sambhal Sant Kabir Nagar Shahjahanpur Shamli Shravasti Siddharthnagar Sitapur Sonbhadra Sultanpur Unnao Varanasi
13:27:27.828 [main] INFO  com.rishabh.restframework.listeners.TestListener - The name of the testcase passed is : getAllDistricts
13:27:27.831 [main] INFO  com.rishabh.restframework.listeners.TestListener - The name of test case started is : getAllStates
13:27:27.831 [main] DEBUG com.rishabh.restframework.listeners.TestListener - Test Method name is : Verify the states for all CoWIN Vaccines
13:27:28.522 [main] TRACE com.rishabh.restframework.CowinTest - Response Body is =>  {"states":[{"state_id":1,"state_name":"Andaman and Nicobar Islands"},{"state_id":2,"state_name":"Andhra Pradesh"},{"state_id":3,"state_name":"Arunachal Pradesh"},{"state_id":4,"state_name":"Assam"},{"state_id":5,"state_name":"Bihar"},{"state_id":6,"state_name":"Chandigarh"},{"state_id":7,"state_name":"Chhattisgarh"},{"state_id":8,"state_name":"Dadra and Nagar Haveli"},{"state_id":37,"state_name":"Daman and Diu"},{"state_id":9,"state_name":"Delhi"},{"state_id":10,"state_name":"Goa"},{"state_id":11,"state_name":"Gujarat"},{"state_id":12,"state_name":"Haryana"},{"state_id":13,"state_name":"Himachal Pradesh"},{"state_id":14,"state_name":"Jammu and Kashmir"},{"state_id":15,"state_name":"Jharkhand"},{"state_id":16,"state_name":"Karnataka"},{"state_id":17,"state_name":"Kerala"},{"state_id":18,"state_name":"Ladakh"},{"state_id":19,"state_name":"Lakshadweep"},{"state_id":20,"state_name":"Madhya Pradesh"},{"state_id":21,"state_name":"Maharashtra"},{"state_id":22,"state_name":"Manipur"},{"state_id":23,"state_name":"Meghalaya"},{"state_id":24,"state_name":"Mizoram"},{"state_id":25,"state_name":"Nagaland"},{"state_id":26,"state_name":"Odisha"},{"state_id":27,"state_name":"Puducherry"},{"state_id":28,"state_name":"Punjab"},{"state_id":29,"state_name":"Rajasthan"},{"state_id":30,"state_name":"Sikkim"},{"state_id":31,"state_name":"Tamil Nadu"},{"state_id":32,"state_name":"Telangana"},{"state_id":33,"state_name":"Tripura"},{"state_id":34,"state_name":"Uttar Pradesh"},{"state_id":35,"state_name":"Uttarakhand"},{"state_id":36,"state_name":"West Bengal"}],"ttl":24}
13:27:28.523 [main] TRACE com.rishabh.restframework.CowinTest - Response Status In-line is =>  HTTP/1.1 200 OK
13:27:28.523 [main] TRACE com.rishabh.restframework.CowinTest - Key: Content-Type Value: application/json; charset=utf-8
13:27:28.523 [main] TRACE com.rishabh.restframework.CowinTest - Key: Transfer-Encoding Value: chunked
13:27:28.523 [main] TRACE com.rishabh.restframework.CowinTest - Key: Connection Value: keep-alive
13:27:28.523 [main] TRACE com.rishabh.restframework.CowinTest - Key: Date Value: Sun, 30 May 2021 07:57:28 GMT
13:27:28.523 [main] TRACE com.rishabh.restframework.CowinTest - Key: x-amzn-RequestId Value: 45a3b71c-8f2c-4b83-b8ee-8e214e9e8fb1
13:27:28.523 [main] TRACE com.rishabh.restframework.CowinTest - Key: X-DNS-Prefetch-Control Value: off
13:27:28.524 [main] TRACE com.rishabh.restframework.CowinTest - Key: X-XSS-Protection Value: 1; mode=block
13:27:28.524 [main] TRACE com.rishabh.restframework.CowinTest - Key: Access-Control-Allow-Origin Value: *
13:27:28.524 [main] TRACE com.rishabh.restframework.CowinTest - Key: Strict-Transport-Security Value: max-age=15552000
13:27:28.524 [main] TRACE com.rishabh.restframework.CowinTest - Key: x-amzn-Remapped-Content-Length Value: 1571
13:27:28.524 [main] TRACE com.rishabh.restframework.CowinTest - Key: X-Frame-Options Value: DENY
13:27:28.524 [main] TRACE com.rishabh.restframework.CowinTest - Key: Access-Control-Allow-Headers Value: Content-Type, Authorization
13:27:28.524 [main] TRACE com.rishabh.restframework.CowinTest - Key: x-amzn-Remapped-Connection Value: keep-alive
13:27:28.524 [main] TRACE com.rishabh.restframework.CowinTest - Key: X-Download-Options Value: noopen
13:27:28.524 [main] TRACE com.rishabh.restframework.CowinTest - Key: x-amz-apigw-id Value: AIfIVGynhcwFQjA=
13:27:28.525 [main] TRACE com.rishabh.restframework.CowinTest - Key: x-amzn-Remapped-Server Value: 
13:27:28.525 [main] TRACE com.rishabh.restframework.CowinTest - Key: X-Content-Type-Options Value: nosniff
13:27:28.525 [main] TRACE com.rishabh.restframework.CowinTest - Key: Access-Control-Allow-Methods Value: GET,POST,OPTIONS
13:27:28.525 [main] TRACE com.rishabh.restframework.CowinTest - Key: Version Value: 23.0
13:27:28.525 [main] TRACE com.rishabh.restframework.CowinTest - Key: X-Amzn-Trace-Id Value: Root=1-60b34568-591c28bb008558ca2d4676a3
13:27:28.525 [main] TRACE com.rishabh.restframework.CowinTest - Key: x-amzn-Remapped-Date Value: Sun, 30 May 2021 07:57:28 GMT
13:27:28.525 [main] TRACE com.rishabh.restframework.CowinTest - Key: Access-Control-Allow-Credentials Value: true
13:27:28.526 [main] TRACE com.rishabh.restframework.CowinTest - Key: Content-Encoding Value: gzip
13:27:28.526 [main] TRACE com.rishabh.restframework.CowinTest - Key: ETag Value: W/"623-dhjKNwDguPe93PO7B8mabFkLR3A"
13:27:28.526 [main] TRACE com.rishabh.restframework.CowinTest - Key: Vary Value: Accept-Encoding
13:27:28.526 [main] TRACE com.rishabh.restframework.CowinTest - Key: X-Cache Value: Miss from cloudfront
13:27:28.526 [main] TRACE com.rishabh.restframework.CowinTest - Key: Via Value: 1.1 37b3a2085ecee7d28cc83111ef9ee659.cloudfront.net (CloudFront)
13:27:28.526 [main] TRACE com.rishabh.restframework.CowinTest - Key: X-Amz-Cf-Pop Value: BLR50-C2
13:27:28.527 [main] TRACE com.rishabh.restframework.CowinTest - Key: X-Amz-Cf-Id Value: DhaLAJYx9-NHILyNnI7OxkdKKSr_dyBHRYO5aHSuiSgqI89az_L6og==
13:27:28.533 [main] TRACE com.rishabh.restframework.CowinTest - Andaman and Nicobar Islands
13:27:28.534 [main] DEBUG com.rishabh.restframework.CowinTest - State list for getAllStates() : 
13:27:28.535 [main] DEBUG com.rishabh.restframework.CowinTest -  Andaman and Nicobar Islands Andhra Pradesh Arunachal Pradesh Assam Bihar Chandigarh Chhattisgarh Dadra and Nagar Haveli Daman and Diu Delhi Goa Gujarat Haryana Himachal Pradesh Jammu and Kashmir Jharkhand Karnataka Kerala Ladakh Lakshadweep Madhya Pradesh Maharashtra Manipur Meghalaya Mizoram Nagaland Odisha Puducherry Punjab Rajasthan Sikkim Tamil Nadu Telangana Tripura Uttar Pradesh Uttarakhand West Bengal
13:27:28.535 [main] INFO  com.rishabh.restframework.listeners.TestListener - The name of the testcase passed is : getAllStates
13:27:28.535 [main] INFO  com.rishabh.restframework.listeners.TestListener - The name of test case started is : getAllStates
13:27:28.536 [main] DEBUG com.rishabh.restframework.listeners.TestListener - Test Method name is : Verify the states for all CoWIN Vaccines
13:27:31.858 [main] TRACE com.rishabh.restframework.CowinTest - Response Body is =>  {"states":[{"state_id":1,"state_name":"Andaman and Nicobar Islands"},{"state_id":2,"state_name":"Andhra Pradesh"},{"state_id":3,"state_name":"Arunachal Pradesh"},{"state_id":4,"state_name":"Assam"},{"state_id":5,"state_name":"Bihar"},{"state_id":6,"state_name":"Chandigarh"},{"state_id":7,"state_name":"Chhattisgarh"},{"state_id":8,"state_name":"Dadra and Nagar Haveli"},{"state_id":37,"state_name":"Daman and Diu"},{"state_id":9,"state_name":"Delhi"},{"state_id":10,"state_name":"Goa"},{"state_id":11,"state_name":"Gujarat"},{"state_id":12,"state_name":"Haryana"},{"state_id":13,"state_name":"Himachal Pradesh"},{"state_id":14,"state_name":"Jammu and Kashmir"},{"state_id":15,"state_name":"Jharkhand"},{"state_id":16,"state_name":"Karnataka"},{"state_id":17,"state_name":"Kerala"},{"state_id":18,"state_name":"Ladakh"},{"state_id":19,"state_name":"Lakshadweep"},{"state_id":20,"state_name":"Madhya Pradesh"},{"state_id":21,"state_name":"Maharashtra"},{"state_id":22,"state_name":"Manipur"},{"state_id":23,"state_name":"Meghalaya"},{"state_id":24,"state_name":"Mizoram"},{"state_id":25,"state_name":"Nagaland"},{"state_id":26,"state_name":"Odisha"},{"state_id":27,"state_name":"Puducherry"},{"state_id":28,"state_name":"Punjab"},{"state_id":29,"state_name":"Rajasthan"},{"state_id":30,"state_name":"Sikkim"},{"state_id":31,"state_name":"Tamil Nadu"},{"state_id":32,"state_name":"Telangana"},{"state_id":33,"state_name":"Tripura"},{"state_id":34,"state_name":"Uttar Pradesh"},{"state_id":35,"state_name":"Uttarakhand"},{"state_id":36,"state_name":"West Bengal"}],"ttl":24}
13:27:31.858 [main] TRACE com.rishabh.restframework.CowinTest - Response Status In-line is =>  HTTP/1.1 200 OK
13:27:31.859 [main] TRACE com.rishabh.restframework.CowinTest - Key: Content-Type Value: application/json; charset=utf-8
13:27:31.859 [main] TRACE com.rishabh.restframework.CowinTest - Key: Transfer-Encoding Value: chunked
13:27:31.859 [main] TRACE com.rishabh.restframework.CowinTest - Key: Connection Value: keep-alive
13:27:31.859 [main] TRACE com.rishabh.restframework.CowinTest - Key: Date Value: Sun, 30 May 2021 07:57:29 GMT
13:27:31.859 [main] TRACE com.rishabh.restframework.CowinTest - Key: x-amzn-RequestId Value: 03354117-c313-40c4-b4dc-765ecc3eaa63
13:27:31.859 [main] TRACE com.rishabh.restframework.CowinTest - Key: X-DNS-Prefetch-Control Value: off
13:27:31.860 [main] TRACE com.rishabh.restframework.CowinTest - Key: X-XSS-Protection Value: 1; mode=block
13:27:31.860 [main] TRACE com.rishabh.restframework.CowinTest - Key: Access-Control-Allow-Origin Value: *
13:27:31.860 [main] TRACE com.rishabh.restframework.CowinTest - Key: Strict-Transport-Security Value: max-age=15552000
13:27:31.860 [main] TRACE com.rishabh.restframework.CowinTest - Key: x-amzn-Remapped-Content-Length Value: 1571
13:27:31.860 [main] TRACE com.rishabh.restframework.CowinTest - Key: X-Frame-Options Value: DENY
13:27:31.860 [main] TRACE com.rishabh.restframework.CowinTest - Key: Access-Control-Allow-Headers Value: Content-Type, Authorization
13:27:31.860 [main] TRACE com.rishabh.restframework.CowinTest - Key: x-amzn-Remapped-Connection Value: keep-alive
13:27:31.861 [main] TRACE com.rishabh.restframework.CowinTest - Key: X-Download-Options Value: noopen
13:27:31.861 [main] TRACE com.rishabh.restframework.CowinTest - Key: x-amz-apigw-id Value: AIfIfFD4BcwFfFg=
13:27:31.861 [main] TRACE com.rishabh.restframework.CowinTest - Key: x-amzn-Remapped-Server Value: 
13:27:31.861 [main] TRACE com.rishabh.restframework.CowinTest - Key: X-Content-Type-Options Value: nosniff
13:27:31.861 [main] TRACE com.rishabh.restframework.CowinTest - Key: Access-Control-Allow-Methods Value: GET,POST,OPTIONS
13:27:31.861 [main] TRACE com.rishabh.restframework.CowinTest - Key: Version Value: 23.0
13:27:31.861 [main] TRACE com.rishabh.restframework.CowinTest - Key: X-Amzn-Trace-Id Value: Root=1-60b34569-6f0d42096da67e1e66d7dde9
13:27:31.861 [main] TRACE com.rishabh.restframework.CowinTest - Key: x-amzn-Remapped-Date Value: Sun, 30 May 2021 07:57:29 GMT
13:27:31.862 [main] TRACE com.rishabh.restframework.CowinTest - Key: Access-Control-Allow-Credentials Value: true
13:27:31.862 [main] TRACE com.rishabh.restframework.CowinTest - Key: Content-Encoding Value: gzip
13:27:31.863 [main] TRACE com.rishabh.restframework.CowinTest - Key: ETag Value: W/"623-dhjKNwDguPe93PO7B8mabFkLR3A"
13:27:31.863 [main] TRACE com.rishabh.restframework.CowinTest - Key: Vary Value: Accept-Encoding
13:27:31.863 [main] TRACE com.rishabh.restframework.CowinTest - Key: X-Cache Value: Miss from cloudfront
13:27:31.863 [main] TRACE com.rishabh.restframework.CowinTest - Key: Via Value: 1.1 4d3039ed48c491355001db87c816e328.cloudfront.net (CloudFront)
13:27:31.863 [main] TRACE com.rishabh.restframework.CowinTest - Key: X-Amz-Cf-Pop Value: BLR50-C2
13:27:31.863 [main] TRACE com.rishabh.restframework.CowinTest - Key: X-Amz-Cf-Id Value: SihgqsDgkiDcYWOU_7hmBAccAnR6Q5snUFJF6MdpXa1S4m3tbdATrw==
13:27:31.866 [main] TRACE com.rishabh.restframework.CowinTest - Andaman and Nicobar Islands
13:27:31.867 [main] ERROR com.rishabh.restframework.listeners.TestListener - The name of the testcase failed is : getAllStates
13:27:31.924 [main] INFO  com.rishabh.restframework.listeners.TestListener - I am onFinish Method  : Test
13:27:32.347 [main] DEBUG com.rishabh.restframework.BaseTest - After Suite Method
